<?xml version="1.0" encoding="UTF-8"?>
<testng-results skipped="0" failed="0" total="1" passed="1">
  <reporter-output>
  </reporter-output>
  <suite name="Default suite" duration-ms="5177" started-at="2014-12-18T11:53:52Z" finished-at="2014-12-18T11:53:57Z">
    <groups>
    </groups>
    <test name="Default test" duration-ms="5177" started-at="2014-12-18T11:53:52Z" finished-at="2014-12-18T11:53:57Z">
      <class name="test.GooglrSearch">
        <test-method status="PASS" signature="GooglrSearchTest()[pri:0, instance:test.GooglrSearch@26538d04]" name="GooglrSearchTest" duration-ms="5169" started-at="2014-12-18T17:23:52Z" finished-at="2014-12-18T17:23:57Z">
          <reporter-output>
          </reporter-output>
        </test-method> <!-- GooglrSearchTest -->
      </class> <!-- test.GooglrSearch -->
    </test> <!-- Default test -->
  </suite> <!-- Default suite -->
</testng-results>
